# Logfile created on 2017-08-20 08:51:38 -0700 by logger.rb/56815
  INFO ---------------------------------------------------------------------------
  INFO START 2017-08-20 08:51:38 -0700 cap dev ops:aws:check_settings
  INFO ---------------------------------------------------------------------------
  INFO ---------------------------------------------------------------------------
  INFO START 2017-08-20 09:49:48 -0700 cap dev ops:aws:find_instance_by_name[zookeeper1]
  INFO ---------------------------------------------------------------------------
  INFO ---------------------------------------------------------------------------
  INFO START 2017-08-20 09:50:24 -0700 cap dev ops:aws:ec2:find_instance_by_name[zookeeper1]
  INFO ---------------------------------------------------------------------------
  INFO ---------------------------------------------------------------------------
  INFO START 2017-08-20 10:31:25 -0700 cap dev ops:aws:check_settings
  INFO ---------------------------------------------------------------------------
  INFO ---------------------------------------------------------------------------
  INFO START 2017-08-20 10:53:06 -0700 cap dev ops:aws:ec2:find_instances_by_group[ld4p-zookeeper]
  INFO ---------------------------------------------------------------------------
  INFO ---------------------------------------------------------------------------
  INFO START 2017-08-20 10:53:27 -0700 cap dev ops:aws:ec2:find_instances_by_group[zookeeper]
  INFO ---------------------------------------------------------------------------
  INFO ---------------------------------------------------------------------------
  INFO START 2017-08-20 10:57:20 -0700 cap dev ops:aws:ec2:find_instances_by_service[zookeeper]
  INFO ---------------------------------------------------------------------------
  INFO ---------------------------------------------------------------------------
  INFO START 2017-08-20 10:59:38 -0700 cap dev ops:aws:ec2:find_instances_by_service[zookeeper]
  INFO ---------------------------------------------------------------------------
  INFO ---------------------------------------------------------------------------
  INFO START 2017-08-20 10:59:57 -0700 cap dev zookeeper:find
  INFO ---------------------------------------------------------------------------
  INFO ---------------------------------------------------------------------------
  INFO START 2017-08-20 11:02:03 -0700 cap dev zookeeper:create
  INFO ---------------------------------------------------------------------------
  INFO ---------------------------------------------------------------------------
  INFO START 2017-08-20 11:04:13 -0700 cap dev zookeeper:create
  INFO ---------------------------------------------------------------------------
  INFO ---------------------------------------------------------------------------
  INFO START 2017-08-20 11:04:54 -0700 cap dev zookeeper:create
  INFO ---------------------------------------------------------------------------
  INFO ---------------------------------------------------------------------------
  INFO START 2017-08-20 11:07:08 -0700 cap dev zookeeper:create
  INFO ---------------------------------------------------------------------------
  INFO ---------------------------------------------------------------------------
  INFO START 2017-08-20 11:28:16 -0700 cap dev ops:aws:check_settings
  INFO ---------------------------------------------------------------------------
  INFO ---------------------------------------------------------------------------
  INFO START 2017-08-20 11:28:47 -0700 cap dev ops:aws:check_settings
  INFO ---------------------------------------------------------------------------
  INFO ---------------------------------------------------------------------------
  INFO START 2017-08-20 11:29:53 -0700 cap dev ops:aws:check_settings
  INFO ---------------------------------------------------------------------------
  INFO ---------------------------------------------------------------------------
  INFO START 2017-08-20 11:32:40 -0700 cap dev ops:aws:check_settings
  INFO ---------------------------------------------------------------------------
  INFO ---------------------------------------------------------------------------
  INFO START 2017-08-20 11:34:51 -0700 cap dev ops:aws:check_settings
  INFO ---------------------------------------------------------------------------
  INFO ---------------------------------------------------------------------------
  INFO START 2017-08-20 11:35:50 -0700 cap dev ops:aws:check_settings
  INFO ---------------------------------------------------------------------------
  INFO ---------------------------------------------------------------------------
  INFO START 2017-08-20 11:39:23 -0700 cap dev zookeeper:create
  INFO ---------------------------------------------------------------------------
  INFO ---------------------------------------------------------------------------
  INFO START 2017-08-20 12:11:26 -0700 cap dev zookeeper:create
  INFO ---------------------------------------------------------------------------
  INFO ---------------------------------------------------------------------------
  INFO START 2017-08-20 12:13:36 -0700 cap dev zookeeper:create
  INFO ---------------------------------------------------------------------------
  INFO ---------------------------------------------------------------------------
  INFO START 2017-08-20 12:14:05 -0700 cap dev zookeeper:create
  INFO ---------------------------------------------------------------------------
  INFO ---------------------------------------------------------------------------
  INFO START 2017-08-20 12:15:49 -0700 cap dev zookeeper:create
  INFO ---------------------------------------------------------------------------
  INFO ---------------------------------------------------------------------------
  INFO START 2017-08-20 12:17:26 -0700 cap dev zookeeper:create
  INFO ---------------------------------------------------------------------------
  INFO ---------------------------------------------------------------------------
  INFO START 2017-08-20 12:18:37 -0700 cap dev zookeeper:create
  INFO ---------------------------------------------------------------------------
  INFO ---------------------------------------------------------------------------
  INFO START 2017-08-20 12:39:32 -0700 cap dev zookeeper:create
  INFO ---------------------------------------------------------------------------
  INFO ---------------------------------------------------------------------------
  INFO START 2017-08-20 12:42:03 -0700 cap dev zookeeper:create
  INFO ---------------------------------------------------------------------------
  INFO ---------------------------------------------------------------------------
  INFO START 2017-08-20 12:48:08 -0700 cap dev zookeeper:create
  INFO ---------------------------------------------------------------------------
  INFO ---------------------------------------------------------------------------
  INFO START 2017-08-20 12:55:50 -0700 cap dev zookeeper:create
  INFO ---------------------------------------------------------------------------
  INFO ---------------------------------------------------------------------------
  INFO START 2017-08-20 12:58:22 -0700 cap dev zookeeper:create
  INFO ---------------------------------------------------------------------------
  INFO ---------------------------------------------------------------------------
  INFO START 2017-08-20 13:01:30 -0700 cap dev zookeeper:create
  INFO ---------------------------------------------------------------------------
  INFO ---------------------------------------------------------------------------
  INFO START 2017-08-20 13:08:34 -0700 cap dev zookeeper:create
  INFO ---------------------------------------------------------------------------
  INFO ---------------------------------------------------------------------------
  INFO START 2017-08-20 13:23:48 -0700 cap dev zookeeper:create
  INFO ---------------------------------------------------------------------------
  INFO ---------------------------------------------------------------------------
  INFO START 2017-08-20 13:31:04 -0700 cap dev zookeeper:create
  INFO ---------------------------------------------------------------------------
  INFO ---------------------------------------------------------------------------
  INFO START 2017-08-20 13:38:36 -0700 cap dev zookeeper:terminate
  INFO ---------------------------------------------------------------------------
  INFO ---------------------------------------------------------------------------
  INFO START 2017-08-20 13:40:17 -0700 cap dev zookeeper:terminate
  INFO ---------------------------------------------------------------------------
  INFO ---------------------------------------------------------------------------
  INFO START 2017-08-20 13:49:52 -0700 cap dev zookeeper:terminate
  INFO ---------------------------------------------------------------------------
  INFO ---------------------------------------------------------------------------
  INFO START 2017-08-20 13:56:21 -0700 cap dev zookeeper:terminate
  INFO ---------------------------------------------------------------------------
  INFO ---------------------------------------------------------------------------
  INFO START 2017-08-20 14:01:01 -0700 cap dev zookeeper:terminate
  INFO ---------------------------------------------------------------------------
  INFO ---------------------------------------------------------------------------
  INFO START 2017-08-20 14:02:53 -0700 cap dev zookeeper:terminate
  INFO ---------------------------------------------------------------------------
  INFO ---------------------------------------------------------------------------
  INFO START 2017-08-20 14:03:27 -0700 cap dev zookeeper:terminate
  INFO ---------------------------------------------------------------------------
  INFO ---------------------------------------------------------------------------
  INFO START 2017-08-20 14:05:10 -0700 cap dev zookeeper:terminate
  INFO ---------------------------------------------------------------------------
  INFO ---------------------------------------------------------------------------
  INFO START 2017-08-20 14:06:46 -0700 cap dev zookeeper:terminate
  INFO ---------------------------------------------------------------------------
  INFO ---------------------------------------------------------------------------
  INFO START 2017-08-20 14:07:29 -0700 cap dev zookeeper:terminate
  INFO ---------------------------------------------------------------------------
